<!DOCTYPE html PUBLIC "-//W3C//DTD XHTML 1.1//EN" "http://www.w3.org/TR/xhtml11/DTD/xhtml11.dtd">
<html xmlns="http://www.w3.org/1999/xhtml">
<head>
<title>TestNG Report</title>
<style type="text/css">
table {margin-bottom:10px;border-collapse:collapse;empty-cells:show}
td,th {border:1px solid #009;padding:.25em .5em}
.result th {vertical-align:bottom}
.param th {padding-left:1em;padding-right:1em}
.param td {padding-left:.5em;padding-right:2em}
.stripe td,.stripe th {background-color: #E6EBF9}
.numi,.numi_attn {text-align:right}
.total td {font-weight:bold}
.passedodd td {background-color: #0A0}
.passedeven td {background-color: #3F3}
.skippedodd td {background-color: #CCC}
.skippedodd td {background-color: #DDD}
.failedodd td,.numi_attn {background-color: #F33}
.failedeven td,.stripe .numi_attn {background-color: #D00}
.stacktrace {white-space:pre;font-family:monospace}
.totop {font-size:85%;text-align:center;border-bottom:2px solid #000}
</style>
</head>
<body>
<table cellspacing="0" cellpadding="0" class="testOverview">
<tr><th>Test</th><th>Methods<br/>Passed</th><th>Scenarios<br/>Passed</th><th># skipped</th><th># failed</th><th>Total<br/>Time</th><th>Included<br/>Groups</th><th>Excluded<br/>Groups</th></tr>
<tr><td style="text-align:left;padding-right:2em"><a href="#t1">ListPage</a></td><td class="numi">2</td><td class="numi">2</td><td class="numi">0</td><td class="numi">0</td><td class="numi">53.1 seconds</td><td class="numi"></td><td class="numi"></td></tr>
<tr class="stripe"><td style="text-align:left;padding-right:2em"><a href="#t2">product</a></td><td class="numi">1</td><td class="numi">1</td><td class="numi">0</td><td class="numi_attn">1</td><td class="numi">364.3 seconds</td><td class="numi"></td><td class="numi"></td></tr>
<tr><td style="text-align:left;padding-right:2em"><a href="#t3">miniCart</a></td><td class="numi">2</td><td class="numi">2</td><td class="numi">0</td><td class="numi">0</td><td class="numi">53.7 seconds</td><td class="numi"></td><td class="numi"></td></tr>
<tr class="stripe"><td style="text-align:left;padding-right:2em"><a href="#t4">shoppingCart</a></td><td class="numi">4</td><td class="numi">4</td><td class="numi">0</td><td class="numi_attn">2</td><td class="numi">238.0 seconds</td><td class="numi"></td><td class="numi"></td></tr>
<tr><td style="text-align:left;padding-right:2em"><a href="#t5">checkout</a></td><td class="numi">0</td><td class="numi">0</td><td class="numi">0</td><td class="numi_attn">2</td><td class="numi">108.5 seconds</td><td class="numi"></td><td class="numi"></td></tr>
<tr class="total"><td>Total</td>
<td class="numi">9</td><td class="numi">9</td><td class="numi">0</td><td class="numi_attn">5</td><td class="numi">817.8 seconds</td><td colspan="2">&nbsp;</td></tr>
</table>
<table cellspacing="0" cellpadding="0" class="methodOverview" id="summary">
<tr><th>Class</th><th>Method</th><th>Authors</th><th># of<br/>Scenarios</th><th>Running Counts</th><th>Parameters</th><th>Start</th><th>Time<br/>(ms)</th></tr>
<tr id="t1"><th colspan="5">ListPage &#8212; passed</th></tr>
<tr class="passedodd"><td>listPage.A26VerifyTheSearchResultReturnedIsRelatedToSearchCondition</td><td><a href="#m277741064"><b>Search</b>  </a></td><td>unknown</td><td class="numi">1</td><td>1</td><td></td><td>1409221712418</td><td class="numi">18087</td></tr>
<tr class="passedeven"><td>listPage.A27VerifyFacetsOfLeftNavAppear0nSubsubcategoryPagesAndWorkWell</td><td><a href="#m386611147"><b>facets</b>  </a></td><td>unknown</td><td class="numi">1</td><td>1</td><td></td><td>1409221735847</td><td class="numi">23988</td></tr>
<tr id="t2"><th colspan="5">product &#8212; failed</th></tr>
<tr class="failedodd"><td>productPage.B29VerifyPersonalizationDetailsShouldBePassedToMyShoppingCart</td><td><a href="#m1763742666"><b>personalization</b>  </a></td><td>unknown</td><td class="numi">1</td><td>1</td><td></td><td>1409221794934</td><td class="numi">328773</td></tr>
<tr><th colspan="5">product &#8212; passed</th></tr>
<tr class="passedodd"><td>productPage.B28VerifyWhenISelectOptionsOrInputTextIShouldSeeALiveScene7RenderingOfMySelections</td><td><a href="#m1870614938"><b>Personalize</b>  </a></td><td>unknown</td><td class="numi">1</td><td>1</td><td></td><td>1409221764405</td><td class="numi">26138</td></tr>
<tr id="t3"><th colspan="5">miniCart &#8212; passed</th></tr>
<tr class="passedodd"><td>miniCart.C30VerifyClickingOnCheckoutInMiniCartWindowTakesUserToShoppingCartPage</td><td><a href="#m868208258"><b>ViewCart</b>  </a></td><td>unknown</td><td class="numi">1</td><td>1</td><td></td><td>1409222128798</td><td class="numi">31404</td></tr>
<tr class="passedeven"><td>miniCart.C32VerifyProductDetailsShouldBeShownOnMiniCart</td><td><a href="#m85244616"><b>detailOfviewcart</b>  </a></td><td>unknown</td><td class="numi">1</td><td>1</td><td></td><td>1409222163068</td><td class="numi">14756</td></tr>
<tr id="t4"><th colspan="5">shoppingCart &#8212; failed</th></tr>
<tr class="failedodd"><td>shoppingcartPage.D33VerifyEveryProductTypeCanBeAddedToTheCart</td><td><a href="#m365668560"><b>Type</b>  </a></td><td>unknown</td><td class="numi">1</td><td>1</td><td></td><td>1409222182228</td><td class="numi">55489</td></tr>
<tr class="failedeven"><td>shoppingcartPage.D36VerifyProductsRemovedFromTheCartResultInCorrectlyUpdatedSubtotal</td><td><a href="#m-967151544"><b>RemovePro</b>  </a></td><td>unknown</td><td class="numi">1</td><td>1</td><td></td><td>1409222312412</td><td class="numi">12591</td></tr>
<tr><th colspan="5">shoppingCart &#8212; passed</th></tr>
<tr class="passedodd"><td>shoppingcartPage.D34VerifyClickingOnMyCartTextRedirectsUseToShoppingCartPage</td><td><a href="#m-1398481194"><b>CartLink</b>  </a></td><td>unknown</td><td class="numi">1</td><td>1</td><td></td><td>1409222242767</td><td class="numi">11861</td></tr>
<tr class="passedeven"><td>shoppingcartPage.D35VerifyContinueShoppinglinkFunctionsCorrectly</td><td><a href="#m1920760917"><b>Continue</b>  </a></td><td>unknown</td><td class="numi">1</td><td>1</td><td></td><td>1409222258566</td><td class="numi">49613</td></tr>
<tr class="passedodd"><td>shoppingcartPage.D37VerifyIfTheUserSignsInAsAGuestThenTheyAreBroughtToTheNextPartOfTheProcessToFillOutTheirBillingInformation</td><td><a href="#m-418787448"><b>guest</b>  </a></td><td>unknown</td><td class="numi">1</td><td>1</td><td></td><td>1409222329373</td><td class="numi">36374</td></tr>
<tr class="passedeven"><td>shoppingcartPage.D38VerifyIfAUserIsAlreadyLoggedInWeWillRecognizeThatUserWhenTheyProceedToCheckout</td><td><a href="#m-1415779463"><b>member</b>  </a></td><td>unknown</td><td class="numi">1</td><td>1</td><td></td><td>1409222370444</td><td class="numi">45376</td></tr>
<tr id="t5"><th colspan="5">checkout &#8212; failed</th></tr>
<tr class="failedodd"><td>checkoutPage.E43VerifyAValidPromotionalCodeCanBeAppliedAndRemove</td><td><a href="#m1150965605"><b>Promo</b>  </a></td><td>unknown</td><td class="numi">1</td><td>1</td><td></td><td>1409222420380</td><td class="numi">72648</td></tr>
<tr class="failedeven"><td>checkoutPage.E44VerifyWhenTheLoggedInUserClicksToSubmitTheOrderTheConfirmationPagesComesUp</td><td><a href="#m402283470"><b>confirm</b>  </a></td><td>unknown</td><td class="numi">1</td><td>1</td><td></td><td>1409222497344</td><td class="numi">26857</td></tr>
</table>
<h1>ListPage</h1>
<h2 id="m386611147" name="m386611147" >listPage.A27VerifyFacetsOfLeftNavAppear0nSubsubcategoryPagesAndWorkWell:facets</h2>
<p class="totop"><a href="#summary">back to summary</a></p>
<h2 id="m277741064" name="m277741064" >listPage.A26VerifyTheSearchResultReturnedIsRelatedToSearchCondition:Search</h2>
<p class="totop"><a href="#summary">back to summary</a></p>
<h1>product</h1>
<h2 id="m1763742666" name="m1763742666" >productPage.B29VerifyPersonalizationDetailsShouldBePassedToMyShoppingCart:personalization</h2>
<div>
<h3>Test Messages</h3>
result/screenshot/2014_08_28_18_35_23_personalization.jpg<br/>
<img src="../../result/screenshot/2014_08_28_18_35_23_personalization.jpg"/><br/>
<h3>Failure</h3>
<div class="stacktrace">org.openqa.selenium.TimeoutException: timeout: Timed out receiving message from renderer: 97.254
  (Session info: chrome=36.0.1985.143)
  (Driver info: chromedriver=2.9.248315,platform=Windows NT 6.1 SP1 x86_64) (WARNING: The server did not provide any stacktrace information)
Command duration or timeout: 308.06 seconds
Build info: version: &apos;2.42.2&apos;, revision: &apos;6a6995d31c7c56c340d6f45a76976d43506cd6cc&apos;, time: &apos;2014-06-03 10:52:47&apos;
System info: host: &apos;GZ-Stone&apos;, ip: &apos;172.26.9.218&apos;, os.name: &apos;Windows 7&apos;, os.arch: &apos;amd64&apos;, os.version: &apos;6.1&apos;, java.version: &apos;1.7.0_21&apos;
Session ID: 16c22cc0d3deec0736771e8a24363cfc
Driver info: org.openqa.selenium.chrome.ChromeDriver
Capabilities [{platform=XP, acceptSslCerts=true, javascriptEnabled=true, browserName=chrome, chrome={userDataDir=C:\Users\swang\AppData\Local\Temp\scoped_dir16588_28694}, rotatable=false, locationContextEnabled=true, version=36.0.1985.143, takesHeapSnapshot=true, cssSelectorsEnabled=true, databaseEnabled=false, handlesAlerts=true, browserConnectionEnabled=false, nativeEvents=true, webStorageEnabled=true, applicationCacheEnabled=false, takesScreenshot=true}]
	at org.openqa.selenium.remote.ErrorHandler.createThrowable(ErrorHandler.java:204)
	at org.openqa.selenium.remote.ErrorHandler.throwIfResponseFailed(ErrorHandler.java:156)
	at org.openqa.selenium.remote.RemoteWebDriver.execute(RemoteWebDriver.java:599)
	at org.openqa.selenium.remote.RemoteWebDriver.get(RemoteWebDriver.java:304)
	at prepare.StepsCollection.getShoppingcart(StepsCollection.java:16)
	at productPage.B29VerifyPersonalizationDetailsShouldBePassedToMyShoppingCart.personalization(B29VerifyPersonalizationDetailsShouldBePassedToMyShoppingCart.java:17)
	at java.util.concurrent.ThreadPoolExecutor.runWorker(ThreadPoolExecutor.java:1145)
	at java.util.concurrent.ThreadPoolExecutor$Worker.run(ThreadPoolExecutor.java:615)
	at java.lang.Thread.run(Thread.java:722)
... Removed 14 stack frames</div>
</div>
<p class="totop"><a href="#summary">back to summary</a></p>
<h2 id="m1870614938" name="m1870614938" >productPage.B28VerifyWhenISelectOptionsOrInputTextIShouldSeeALiveScene7RenderingOfMySelections:Personalize</h2>
<p class="totop"><a href="#summary">back to summary</a></p>
<h1>miniCart</h1>
<h2 id="m85244616" name="m85244616" >miniCart.C32VerifyProductDetailsShouldBeShownOnMiniCart:detailOfviewcart</h2>
<p class="totop"><a href="#summary">back to summary</a></p>
<h2 id="m868208258" name="m868208258" >miniCart.C30VerifyClickingOnCheckoutInMiniCartWindowTakesUserToShoppingCartPage:ViewCart</h2>
<p class="totop"><a href="#summary">back to summary</a></p>
<h1>shoppingCart</h1>
<h2 id="m365668560" name="m365668560" >shoppingcartPage.D33VerifyEveryProductTypeCanBeAddedToTheCart:Type</h2>
<div>
<h3>Test Messages</h3>
result/screenshot/2014_08_28_18_37_17_Type.jpg<br/>
<img src="../../result/screenshot/2014_08_28_18_37_17_Type.jpg"/><br/>
<h3>Failure</h3>
<div class="stacktrace">org.openqa.selenium.WebDriverException: unknown error: Element is not clickable at point (1066, 54). Other element would receive the click: &lt;div id=&quot;theknot.busyoverlay&quot; style=&quot;width: 900px; height: 113px; opacity: 0.5; position: absolute; left: 0px; top: 0px; background-color: white;&quot;&gt;...&lt;/div&gt;
  (Session info: chrome=36.0.1985.143)
  (Driver info: chromedriver=2.9.248315,platform=Windows NT 6.1 SP1 x86_64) (WARNING: The server did not provide any stacktrace information)
Command duration or timeout: 38 milliseconds
Build info: version: &apos;2.42.2&apos;, revision: &apos;6a6995d31c7c56c340d6f45a76976d43506cd6cc&apos;, time: &apos;2014-06-03 10:52:47&apos;
System info: host: &apos;GZ-Stone&apos;, ip: &apos;172.26.9.218&apos;, os.name: &apos;Windows 7&apos;, os.arch: &apos;amd64&apos;, os.version: &apos;6.1&apos;, java.version: &apos;1.7.0_21&apos;
Session ID: fc63c0934d00948370c86cf29b0d88b2
Driver info: org.openqa.selenium.chrome.ChromeDriver
Capabilities [{platform=XP, acceptSslCerts=true, javascriptEnabled=true, browserName=chrome, chrome={userDataDir=C:\Users\swang\AppData\Local\Temp\scoped_dir12456_29465}, rotatable=false, locationContextEnabled=true, version=36.0.1985.143, takesHeapSnapshot=true, cssSelectorsEnabled=true, databaseEnabled=false, handlesAlerts=true, browserConnectionEnabled=false, nativeEvents=true, webStorageEnabled=true, applicationCacheEnabled=false, takesScreenshot=true}]
	at org.openqa.selenium.remote.ErrorHandler.createThrowable(ErrorHandler.java:204)
	at org.openqa.selenium.remote.ErrorHandler.throwIfResponseFailed(ErrorHandler.java:156)
	at org.openqa.selenium.remote.RemoteWebDriver.execute(RemoteWebDriver.java:599)
	at org.openqa.selenium.remote.RemoteWebElement.execute(RemoteWebElement.java:268)
	at org.openqa.selenium.remote.RemoteWebElement.click(RemoteWebElement.java:79)
	at shoppingcartPage.D33VerifyEveryProductTypeCanBeAddedToTheCart.Type(D33VerifyEveryProductTypeCanBeAddedToTheCart.java:16)
	at java.util.concurrent.ThreadPoolExecutor.runWorker(ThreadPoolExecutor.java:1145)
	at java.util.concurrent.ThreadPoolExecutor$Worker.run(ThreadPoolExecutor.java:615)
	at java.lang.Thread.run(Thread.java:722)
... Removed 14 stack frames</div>
</div>
<p class="totop"><a href="#summary">back to summary</a></p>
<h2 id="m-967151544" name="m-967151544" >shoppingcartPage.D36VerifyProductsRemovedFromTheCartResultInCorrectlyUpdatedSubtotal:RemovePro</h2>
<div>
<h3>Test Messages</h3>
result/screenshot/2014_08_28_18_38_45_RemovePro.jpg<br/>
<img src="../../result/screenshot/2014_08_28_18_38_45_RemovePro.jpg"/><br/>
<h3>Failure</h3>
<div class="stacktrace">org.openqa.selenium.InvalidElementStateException: invalid element state: Element is not currently interactable and may not be manipulated
  (Session info: chrome=36.0.1985.143)
  (Driver info: chromedriver=2.9.248315,platform=Windows NT 6.1 SP1 x86_64) (WARNING: The server did not provide any stacktrace information)
Command duration or timeout: 29 milliseconds
Build info: version: &apos;2.42.2&apos;, revision: &apos;6a6995d31c7c56c340d6f45a76976d43506cd6cc&apos;, time: &apos;2014-06-03 10:52:47&apos;
System info: host: &apos;GZ-Stone&apos;, ip: &apos;172.26.9.218&apos;, os.name: &apos;Windows 7&apos;, os.arch: &apos;amd64&apos;, os.version: &apos;6.1&apos;, java.version: &apos;1.7.0_21&apos;
Session ID: c8cb1db63f42f378129e926589be2d1a
Driver info: org.openqa.selenium.chrome.ChromeDriver
Capabilities [{platform=XP, acceptSslCerts=true, javascriptEnabled=true, browserName=chrome, chrome={userDataDir=C:\Users\swang\AppData\Local\Temp\scoped_dir16964_32058}, rotatable=false, locationContextEnabled=true, version=36.0.1985.143, takesHeapSnapshot=true, cssSelectorsEnabled=true, databaseEnabled=false, handlesAlerts=true, browserConnectionEnabled=false, nativeEvents=true, webStorageEnabled=true, applicationCacheEnabled=false, takesScreenshot=true}]
	at org.openqa.selenium.remote.ErrorHandler.createThrowable(ErrorHandler.java:204)
	at org.openqa.selenium.remote.ErrorHandler.throwIfResponseFailed(ErrorHandler.java:156)
	at org.openqa.selenium.remote.RemoteWebDriver.execute(RemoteWebDriver.java:599)
	at org.openqa.selenium.remote.RemoteWebElement.execute(RemoteWebElement.java:268)
	at org.openqa.selenium.remote.RemoteWebElement.clear(RemoteWebElement.java:113)
	at prepare.StepsCollection.ProductPageAndAdd(StepsCollection.java:146)
	at shoppingcartPage.D36VerifyProductsRemovedFromTheCartResultInCorrectlyUpdatedSubtotal.RemovePro(D36VerifyProductsRemovedFromTheCartResultInCorrectlyUpdatedSubtotal.java:14)
	at java.util.concurrent.ThreadPoolExecutor.runWorker(ThreadPoolExecutor.java:1145)
	at java.util.concurrent.ThreadPoolExecutor$Worker.run(ThreadPoolExecutor.java:615)
	at java.lang.Thread.run(Thread.java:722)
... Removed 14 stack frames</div>
</div>
<p class="totop"><a href="#summary">back to summary</a></p>
<h2 id="m-418787448" name="m-418787448" >shoppingcartPage.D37VerifyIfTheUserSignsInAsAGuestThenTheyAreBroughtToTheNextPartOfTheProcessToFillOutTheirBillingInformation:guest</h2>
<p class="totop"><a href="#summary">back to summary</a></p>
<h2 id="m-1415779463" name="m-1415779463" >shoppingcartPage.D38VerifyIfAUserIsAlreadyLoggedInWeWillRecognizeThatUserWhenTheyProceedToCheckout:member</h2>
<p class="totop"><a href="#summary">back to summary</a></p>
<h2 id="m1920760917" name="m1920760917" >shoppingcartPage.D35VerifyContinueShoppinglinkFunctionsCorrectly:Continue</h2>
<p class="totop"><a href="#summary">back to summary</a></p>
<h2 id="m-1398481194" name="m-1398481194" >shoppingcartPage.D34VerifyClickingOnMyCartTextRedirectsUseToShoppingCartPage:CartLink</h2>
<p class="totop"><a href="#summary">back to summary</a></p>
<h1>checkout</h1>
<h2 id="m1150965605" name="m1150965605" >checkoutPage.E43VerifyAValidPromotionalCodeCanBeAppliedAndRemove:Promo</h2>
<div>
<h3>Test Messages</h3>
result/screenshot/2014_08_28_18_41_33_Promo.jpg<br/>
<img src="../../result/screenshot/2014_08_28_18_41_33_Promo.jpg"/><br/>
<h3>Failure</h3>
<div class="stacktrace">org.openqa.selenium.NoSuchElementException: no such element
  (Session info: chrome=36.0.1985.143)
  (Driver info: chromedriver=2.9.248315,platform=Windows NT 6.1 SP1 x86_64) (WARNING: The server did not provide any stacktrace information)
Command duration or timeout: 60.04 seconds
For documentation on this error, please visit: http://seleniumhq.org/exceptions/no_such_element.html
Build info: version: &apos;2.42.2&apos;, revision: &apos;6a6995d31c7c56c340d6f45a76976d43506cd6cc&apos;, time: &apos;2014-06-03 10:52:47&apos;
System info: host: &apos;GZ-Stone&apos;, ip: &apos;172.26.9.218&apos;, os.name: &apos;Windows 7&apos;, os.arch: &apos;amd64&apos;, os.version: &apos;6.1&apos;, java.version: &apos;1.7.0_21&apos;
Session ID: c724325a379b629d98a21a5507ab3b3e
Driver info: org.openqa.selenium.chrome.ChromeDriver
Capabilities [{platform=XP, acceptSslCerts=true, javascriptEnabled=true, browserName=chrome, chrome={userDataDir=C:\Users\swang\AppData\Local\Temp\scoped_dir16812_19594}, rotatable=false, locationContextEnabled=true, version=36.0.1985.143, takesHeapSnapshot=true, cssSelectorsEnabled=true, databaseEnabled=false, handlesAlerts=true, browserConnectionEnabled=false, nativeEvents=true, webStorageEnabled=true, applicationCacheEnabled=false, takesScreenshot=true}]
	at org.openqa.selenium.remote.ErrorHandler.createThrowable(ErrorHandler.java:204)
	at org.openqa.selenium.remote.ErrorHandler.throwIfResponseFailed(ErrorHandler.java:156)
	at org.openqa.selenium.remote.RemoteWebDriver.execute(RemoteWebDriver.java:599)
	at org.openqa.selenium.remote.RemoteWebDriver.findElement(RemoteWebDriver.java:352)
	at org.openqa.selenium.remote.RemoteWebDriver.findElementByXPath(RemoteWebDriver.java:449)
	at org.openqa.selenium.By$ByXPath.findElement(By.java:357)
	at org.openqa.selenium.remote.RemoteWebDriver.findElement(RemoteWebDriver.java:344)
	at prepare.StepsCollection.ProductPageAndAdd(StepsCollection.java:160)
	at checkoutPage.E43VerifyAValidPromotionalCodeCanBeAppliedAndRemove.Promo(E43VerifyAValidPromotionalCodeCanBeAppliedAndRemove.java:16)
	at java.util.concurrent.ThreadPoolExecutor.runWorker(ThreadPoolExecutor.java:1145)
	at java.util.concurrent.ThreadPoolExecutor$Worker.run(ThreadPoolExecutor.java:615)
	at java.lang.Thread.run(Thread.java:722)
... Removed 14 stack frames</div>
</div>
<p class="totop"><a href="#summary">back to summary</a></p>
<h2 id="m402283470" name="m402283470" >checkoutPage.E44VerifyWhenTheLoggedInUserClicksToSubmitTheOrderTheConfirmationPagesComesUp:confirm</h2>
<div>
<h3>Test Messages</h3>
result/screenshot/2014_08_28_18_42_04_confirm.jpg<br/>
<img src="../../result/screenshot/2014_08_28_18_42_04_confirm.jpg"/><br/>
<h3>Failure</h3>
<div class="stacktrace">org.openqa.selenium.ElementNotVisibleException: element not visible
  (Session info: chrome=36.0.1985.143)
  (Driver info: chromedriver=2.9.248315,platform=Windows NT 6.1 SP1 x86_64) (WARNING: The server did not provide any stacktrace information)
Command duration or timeout: 40 milliseconds
Build info: version: &apos;2.42.2&apos;, revision: &apos;6a6995d31c7c56c340d6f45a76976d43506cd6cc&apos;, time: &apos;2014-06-03 10:52:47&apos;
System info: host: &apos;GZ-Stone&apos;, ip: &apos;172.26.9.218&apos;, os.name: &apos;Windows 7&apos;, os.arch: &apos;amd64&apos;, os.version: &apos;6.1&apos;, java.version: &apos;1.7.0_21&apos;
Session ID: 41295c5cddefdd412d69a638060fbe3f
Driver info: org.openqa.selenium.chrome.ChromeDriver
Capabilities [{platform=XP, acceptSslCerts=true, javascriptEnabled=true, browserName=chrome, chrome={userDataDir=C:\Users\swang\AppData\Local\Temp\scoped_dir14800_15664}, rotatable=false, locationContextEnabled=true, version=36.0.1985.143, takesHeapSnapshot=true, cssSelectorsEnabled=true, databaseEnabled=false, handlesAlerts=true, browserConnectionEnabled=false, nativeEvents=true, webStorageEnabled=true, applicationCacheEnabled=false, takesScreenshot=true}]
	at org.openqa.selenium.remote.ErrorHandler.createThrowable(ErrorHandler.java:204)
	at org.openqa.selenium.remote.ErrorHandler.throwIfResponseFailed(ErrorHandler.java:156)
	at org.openqa.selenium.remote.RemoteWebDriver.execute(RemoteWebDriver.java:599)
	at org.openqa.selenium.remote.RemoteWebElement.execute(RemoteWebElement.java:268)
	at org.openqa.selenium.remote.RemoteWebElement.click(RemoteWebElement.java:79)
	at prepare.StepsCollection.guestOrMember(StepsCollection.java:213)
	at checkoutPage.E44VerifyWhenTheLoggedInUserClicksToSubmitTheOrderTheConfirmationPagesComesUp.confirm(E44VerifyWhenTheLoggedInUserClicksToSubmitTheOrderTheConfirmationPagesComesUp.java:17)
	at java.util.concurrent.ThreadPoolExecutor.runWorker(ThreadPoolExecutor.java:1145)
	at java.util.concurrent.ThreadPoolExecutor$Worker.run(ThreadPoolExecutor.java:615)
	at java.lang.Thread.run(Thread.java:722)
... Removed 14 stack frames</div>
</div>
<p class="totop"><a href="#summary">back to summary</a></p>
</body></html>
